[0m10:25:11.610371 [debug] [MainThread]: Sending event: {'category': 'dbt', 'action': 'invocation', 'label': 'start', 'context': [<snowplow_tracker.self_describing_json.SelfDescribingJson object at 0x000001CF1C7DC6E0>, <snowplow_tracker.self_describing_json.SelfDescribingJson object at 0x000001CF1D81FED0>, <snowplow_tracker.self_describing_json.SelfDescribingJson object at 0x000001CF1D81FB10>]}


============================== 10:25:11.614705 | 39f83eca-a059-4b21-b1eb-2e43996828cb ==============================
[0m10:25:11.614705 [info ] [MainThread]: Running with dbt=1.10.11
[0m10:25:11.615209 [debug] [MainThread]: running dbt with arguments {'partial_parse': 'True', 'static_parser': 'True', 'send_anonymous_usage_stats': 'True', 'warn_error': 'None', 'cache_selected_only': 'False', 'target_path': 'None', 'use_colors': 'True', 'invocation_command': 'dbt init taxi_dbt', 'log_format': 'default', 'version_check': 'True', 'introspect': 'True', 'debug': 'False', 'printer_width': '80', 'fail_fast': 'False', 'no_print': 'None', 'empty': 'None', 'quiet': 'False', 'log_cache_events': 'False', 'use_experimental_parser': 'False', 'indirect_selection': 'eager', 'log_path': 'logs', 'profiles_dir': 'C:\\Users\\gatto\\.dbt', 'warn_error_options': 'WarnErrorOptionsV2(error=[], warn=[], silence=[])', 'write_json': 'True'}
[0m10:25:11.636434 [debug] [MainThread]: Starter project path: C:\Users\gatto\AppData\Local\Programs\Python\Python313\Lib\site-packages\dbt\include\starter_project
[0m10:25:11.647178 [info ] [MainThread]: 
Your new dbt project "taxi_dbt" was created!

For more information on how to configure the profiles.yml file,
please consult the dbt documentation here:

  https://docs.getdbt.com/docs/configure-your-profile

One more thing:

Need help? Don't hesitate to reach out to us via GitHub issues or on Slack:

  https://community.getdbt.com/

Happy modeling!

[0m10:25:11.647681 [info ] [MainThread]: Setting up your profile.
[0m10:25:54.916506 [info ] [MainThread]: Profile taxi_dbt written to C:\Users\gatto\.dbt\profiles.yml using target's profile_template.yml and your supplied values. Run 'dbt debug' to validate the connection.
[0m10:25:54.917839 [debug] [MainThread]: Command `dbt init` succeeded at 10:25:54.917721 after 43.45 seconds
[0m10:25:54.918141 [debug] [MainThread]: Sending event: {'category': 'dbt', 'action': 'invocation', 'label': 'end', 'context': [<snowplow_tracker.self_describing_json.SelfDescribingJson object at 0x000001CF423B3820>, <snowplow_tracker.self_describing_json.SelfDescribingJson object at 0x000001CF1D8B3650>, <snowplow_tracker.self_describing_json.SelfDescribingJson object at 0x000001CF42396030>]}
[0m10:25:54.918458 [debug] [MainThread]: Flushing usage events
[0m10:25:55.657519 [debug] [MainThread]: An error was encountered while trying to flush usage events
